yarn upgrade v1.22.22
(node:36366) [DEP0169] DeprecationWarning: `url.parse()` behavior is not standardized and prone to errors that have security implications. Use the WHATWG URL API instead. CVEs are not issued for `url.parse()` vulnerabilities.
(Use `node --trace-deprecation ...` to show where the warning was created)
[1/4] Resolving packages...
[2/4] Fetching packages...
[3/4] Linking dependencies...
[4/4] Rebuilding all packages...
success Saved lockfile.
success Saved 21 new dependencies.
info Direct dependencies
├─ @types/lodash.memoize@4.1.9
├─ @types/node@24.7.0
├─ @types/react-color@3.0.13
├─ @types/react-copy-to-clipboard@5.0.7
├─ @types/react-dom@19.2.1
├─ @types/react@19.2.2
├─ prettier@3.6.2
├─ sass@1.93.2
└─ typescript-plugin-css-modules@5.2.0
info All dependencies
├─ @adobe/css-tools@4.3.3
├─ @types/lodash.memoize@4.1.9
├─ @types/node@24.7.0
├─ @types/postcss-modules-local-by-default@4.0.2
├─ @types/postcss-modules-scope@3.0.4
├─ @types/react-color@3.0.13
├─ @types/react-copy-to-clipboard@5.0.7
├─ @types/react-dom@19.2.1
├─ @types/react@19.2.2
├─ immutable@5.1.3
├─ less@4.4.2
├─ nanoid@3.3.11
├─ postcss-load-config@3.1.4
├─ postcss-modules-extract-imports@3.1.0
├─ postcss-modules-local-by-default@4.2.0
├─ postcss-modules-scope@3.2.1
├─ prettier@3.6.2
├─ sass@1.93.2
├─ stylus@0.62.0
├─ typescript-plugin-css-modules@5.2.0
└─ undici-types@7.14.0
Done in 7.58s.
