yarn upgrade v1.22.22
(node:38348) [DEP0169] DeprecationWarning: `url.parse()` behavior is not standardized and prone to errors that have security implications. Use the WHATWG URL API instead. CVEs are not issued for `url.parse()` vulnerabilities.
(Use `node --trace-deprecation ...` to show where the warning was created)
[1/4] Resolving packages...
[2/4] Fetching packages...
[3/4] Linking dependencies...
warning "eslint-config-next > @typescript-eslint/eslint-plugin@8.46.0" has incorrect peer dependency "typescript@>=4.8.4 <6.0.0".
warning "eslint-config-next > @typescript-eslint/parser@8.46.0" has incorrect peer dependency "typescript@>=4.8.4 <6.0.0".
warning "eslint-config-next > @typescript-eslint/eslint-plugin > ts-api-utils@2.1.0" has incorrect peer dependency "typescript@>=4.8.4".
warning "eslint-config-next > @typescript-eslint/eslint-plugin > @typescript-eslint/utils@8.46.0" has incorrect peer dependency "typescript@>=4.8.4 <6.0.0".
warning "eslint-config-next > @typescript-eslint/eslint-plugin > @typescript-eslint/type-utils@8.46.0" has incorrect peer dependency "typescript@>=4.8.4 <6.0.0".
warning "eslint-config-next > @typescript-eslint/parser > @typescript-eslint/typescript-estree@8.46.0" has incorrect peer dependency "typescript@>=4.8.4 <6.0.0".
warning "eslint-config-next > @typescript-eslint/parser > @typescript-eslint/typescript-estree > @typescript-eslint/tsconfig-utils@8.46.0" has incorrect peer dependency "typescript@>=4.8.4 <6.0.0".
warning "eslint-config-next > @typescript-eslint/parser > @typescript-eslint/typescript-estree > @typescript-eslint/project-service@8.46.0" has incorrect peer dependency "typescript@>=4.8.4 <6.0.0".
[4/4] Rebuilding all packages...
success Saved lockfile.
success Saved 200 new dependencies.
info Direct dependencies
├─ @svgr/webpack@8.1.0
├─ axios@1.12.2
├─ eslint-config-next@15.5.4
└─ eslint@9.37.0
info All dependencies
├─ @babel/compat-data@7.28.4
├─ @babel/helper-string-parser@7.27.1
├─ @babel/helper-wrap-function@7.28.3
├─ @babel/helpers@7.28.4
├─ @babel/parser@7.28.4
├─ @babel/plugin-bugfix-firefox-class-in-computed-class-key@7.27.1
├─ @babel/plugin-bugfix-safari-class-field-initializer-scope@7.27.1
├─ @babel/plugin-bugfix-safari-id-destructuring-collision-in-function-expression@7.27.1
├─ @babel/plugin-bugfix-v8-spread-parameters-in-optional-chaining@7.27.1
├─ @babel/plugin-bugfix-v8-static-class-fields-redefine-readonly@7.28.3
├─ @babel/plugin-syntax-import-assertions@7.27.1
├─ @babel/plugin-syntax-import-attributes@7.27.1
├─ @babel/plugin-syntax-typescript@7.27.1
├─ @babel/plugin-transform-arrow-functions@7.27.1
├─ @babel/plugin-transform-async-generator-functions@7.28.0
├─ @babel/plugin-transform-async-to-generator@7.27.1
├─ @babel/plugin-transform-block-scoped-functions@7.27.1
├─ @babel/plugin-transform-block-scoping@7.28.4
├─ @babel/plugin-transform-class-properties@7.27.1
├─ @babel/plugin-transform-class-static-block@7.28.3
├─ @babel/plugin-transform-classes@7.28.4
├─ @babel/plugin-transform-computed-properties@7.27.1
├─ @babel/plugin-transform-dotall-regex@7.27.1
├─ @babel/plugin-transform-duplicate-keys@7.27.1
├─ @babel/plugin-transform-duplicate-named-capturing-groups-regex@7.27.1
├─ @babel/plugin-transform-dynamic-import@7.27.1
├─ @babel/plugin-transform-explicit-resource-management@7.28.0
├─ @babel/plugin-transform-exponentiation-operator@7.27.1
├─ @babel/plugin-transform-export-namespace-from@7.27.1
├─ @babel/plugin-transform-for-of@7.27.1
├─ @babel/plugin-transform-function-name@7.27.1
├─ @babel/plugin-transform-json-strings@7.27.1
├─ @babel/plugin-transform-literals@7.27.1
├─ @babel/plugin-transform-logical-assignment-operators@7.27.1
├─ @babel/plugin-transform-member-expression-literals@7.27.1
├─ @babel/plugin-transform-modules-amd@7.27.1
├─ @babel/plugin-transform-modules-systemjs@7.27.1
├─ @babel/plugin-transform-modules-umd@7.27.1
├─ @babel/plugin-transform-named-capturing-groups-regex@7.27.1
├─ @babel/plugin-transform-new-target@7.27.1
├─ @babel/plugin-transform-nullish-coalescing-operator@7.27.1
├─ @babel/plugin-transform-numeric-separator@7.27.1
├─ @babel/plugin-transform-object-rest-spread@7.28.4
├─ @babel/plugin-transform-object-super@7.27.1
├─ @babel/plugin-transform-optional-catch-binding@7.27.1
├─ @babel/plugin-transform-private-methods@7.27.1
├─ @babel/plugin-transform-private-property-in-object@7.27.1
├─ @babel/plugin-transform-property-literals@7.27.1
├─ @babel/plugin-transform-react-constant-elements@7.27.1
├─ @babel/plugin-transform-react-display-name@7.28.0
├─ @babel/plugin-transform-react-jsx-development@7.27.1
├─ @babel/plugin-transform-react-pure-annotations@7.27.1
├─ @babel/plugin-transform-regenerator@7.28.4
├─ @babel/plugin-transform-regexp-modifiers@7.27.1
├─ @babel/plugin-transform-reserved-words@7.27.1
├─ @babel/plugin-transform-shorthand-properties@7.27.1
├─ @babel/plugin-transform-spread@7.27.1
├─ @babel/plugin-transform-sticky-regex@7.27.1
├─ @babel/plugin-transform-template-literals@7.27.1
├─ @babel/plugin-transform-typeof-symbol@7.27.1
├─ @babel/plugin-transform-typescript@7.28.0
├─ @babel/plugin-transform-unicode-escapes@7.27.1
├─ @babel/plugin-transform-unicode-property-regex@7.27.1
├─ @babel/plugin-transform-unicode-regex@7.27.1
├─ @babel/plugin-transform-unicode-sets-regex@7.27.1
├─ @babel/preset-env@7.28.3
├─ @babel/preset-react@7.27.1
├─ @babel/preset-typescript@7.27.1
├─ @eslint-community/eslint-utils@4.9.0
├─ @eslint-community/regexpp@4.12.1
├─ @eslint/config-array@0.21.0
├─ @eslint/config-helpers@0.4.0
├─ @eslint/eslintrc@3.3.1
├─ @eslint/js@9.37.0
├─ @eslint/object-schema@2.1.6
├─ @eslint/plugin-kit@0.4.0
├─ @humanfs/core@0.19.1
├─ @humanfs/node@0.16.7
├─ @humanwhocodes/module-importer@1.0.1
├─ @humanwhocodes/retry@0.4.3
├─ @jridgewell/gen-mapping@0.3.13
├─ @jridgewell/remapping@2.3.5
├─ @next/eslint-plugin-next@15.5.4
├─ @nolyfill/is-core-module@1.0.39
├─ @rtsao/scc@1.1.0
├─ @rushstack/eslint-patch@1.13.0
├─ @svgr/babel-plugin-add-jsx-attribute@8.0.0
├─ @svgr/babel-plugin-remove-jsx-attribute@8.0.0
├─ @svgr/babel-plugin-remove-jsx-empty-expression@8.0.0
├─ @svgr/babel-plugin-replace-jsx-attribute-value@8.0.0
├─ @svgr/babel-plugin-svg-dynamic-title@8.0.0
├─ @svgr/babel-plugin-svg-em-dimensions@8.0.0
├─ @svgr/babel-plugin-transform-react-native-svg@8.1.0
├─ @svgr/babel-plugin-transform-svg-component@8.0.0
├─ @svgr/core@8.1.0
├─ @svgr/hast-util-to-babel-ast@8.0.0
├─ @svgr/plugin-jsx@8.1.0
├─ @svgr/plugin-svgo@8.1.0
├─ @svgr/webpack@8.1.0
├─ @types/estree@1.0.8
├─ @typescript-eslint/eslint-plugin@8.46.0
├─ @typescript-eslint/parser@8.46.0
├─ @typescript-eslint/project-service@8.46.0
├─ @typescript-eslint/tsconfig-utils@8.46.0
├─ @typescript-eslint/type-utils@8.46.0
├─ @typescript-eslint/types@8.46.0
├─ @unrs/resolver-binding-darwin-arm64@1.11.1
├─ acorn@8.15.0
├─ aria-query@5.3.2
├─ array.prototype.findlast@1.2.5
├─ array.prototype.findlastindex@1.2.6
├─ array.prototype.flat@1.3.3
├─ array.prototype.tosorted@1.1.4
├─ arraybuffer.prototype.slice@1.0.4
├─ axios@1.12.2
├─ axobject-query@4.1.0
├─ babel-plugin-polyfill-corejs2@0.4.14
├─ babel-plugin-polyfill-corejs3@0.13.0
├─ babel-plugin-polyfill-regenerator@0.6.5
├─ baseline-browser-mapping@2.8.13
├─ browserslist@4.26.3
├─ cross-spawn@7.0.6
├─ css-select@5.2.2
├─ css-tree@2.3.1
├─ csso@5.0.5
├─ data-view-buffer@1.0.2
├─ data-view-byte-length@1.0.2
├─ data-view-byte-offset@1.0.1
├─ dom-serializer@2.0.0
├─ domutils@3.2.2
├─ dot-case@3.0.4
├─ electron-to-chromium@1.5.233
├─ es-iterator-helpers@1.2.1
├─ es-to-primitive@1.3.0
├─ eslint-config-next@15.5.4
├─ eslint-import-resolver-typescript@3.10.1
├─ eslint-module-utils@2.12.1
├─ eslint-plugin-import@2.32.0
├─ eslint-plugin-jsx-a11y@6.10.2
├─ eslint-plugin-react-hooks@5.2.0
├─ eslint-plugin-react@7.37.5
├─ eslint-scope@8.4.0
├─ eslint@9.37.0
├─ espree@10.4.0
├─ esquery@1.6.0
├─ fast-glob@3.3.1
├─ file-entry-cache@8.0.0
├─ flat-cache@4.0.1
├─ get-symbol-description@1.1.0
├─ get-tsconfig@4.11.0
├─ globals@14.0.0
├─ graphemer@1.4.0
├─ is-bigint@1.1.0
├─ is-boolean-object@1.2.2
├─ is-bun-module@2.0.0
├─ is-finalizationregistry@1.1.1
├─ is-number-object@1.1.1
├─ iterator.prototype@1.1.5
├─ jsesc@3.1.0
├─ keyv@4.5.4
├─ lower-case@2.0.2
├─ mdn-data@2.0.30
├─ napi-postinstall@0.3.4
├─ no-case@3.0.4
├─ node-releases@2.0.23
├─ object.entries@1.1.9
├─ object.groupby@1.0.3
├─ optionator@0.9.4
├─ own-keys@1.0.1
├─ reflect.getprototypeof@1.0.10
├─ regenerate-unicode-properties@10.2.2
├─ regexp.prototype.flags@1.5.4
├─ regexpu-core@6.4.0
├─ regjsgen@0.8.0
├─ regjsparser@0.13.0
├─ resolve-pkg-maps@1.0.0
├─ set-proto@1.0.0
├─ side-channel-list@1.0.0
├─ side-channel-weakmap@1.0.2
├─ snake-case@3.0.4
├─ stable-hash@0.0.5
├─ stop-iteration-iterator@1.1.0
├─ string.prototype.includes@2.0.1
├─ string.prototype.matchall@4.0.12
├─ string.prototype.repeat@1.0.0
├─ string.prototype.trim@1.2.10
├─ svgo@3.3.2
├─ tinyglobby@0.2.15
├─ typed-array-buffer@1.0.3
├─ typed-array-byte-length@1.0.3
├─ typed-array-byte-offset@1.0.4
├─ typed-array-length@1.0.7
├─ unbox-primitive@1.1.0
├─ unicode-match-property-value-ecmascript@2.2.1
├─ unrs-resolver@1.11.1
├─ update-browserslist-db@1.1.3
├─ which-boxed-primitive@1.1.1
├─ which-builtin-type@1.2.1
├─ which-collection@1.0.2
└─ word-wrap@1.2.5
Done in 20.00s.
