yarn upgrade v1.22.22
(node:38956) [DEP0169] DeprecationWarning: `url.parse()` behavior is not standardized and prone to errors that have security implications. Use the WHATWG URL API instead. CVEs are not issued for `url.parse()` vulnerabilities.
(Use `node --trace-deprecation ...` to show where the warning was created)
[1/4] Resolving packages...
[2/4] Fetching packages...
[3/4] Linking dependencies...
warning "eslint-config-next > @typescript-eslint/eslint-plugin@8.46.0" has incorrect peer dependency "typescript@>=4.8.4 <6.0.0".
warning "eslint-config-next > @typescript-eslint/parser@8.46.0" has incorrect peer dependency "typescript@>=4.8.4 <6.0.0".
warning "eslint-config-next > @typescript-eslint/eslint-plugin > @typescript-eslint/type-utils@8.46.0" has incorrect peer dependency "typescript@>=4.8.4 <6.0.0".
warning "eslint-config-next > @typescript-eslint/eslint-plugin > @typescript-eslint/utils@8.46.0" has incorrect peer dependency "typescript@>=4.8.4 <6.0.0".
warning "eslint-config-next > @typescript-eslint/eslint-plugin > ts-api-utils@2.1.0" has incorrect peer dependency "typescript@>=4.8.4".
warning "eslint-config-next > @typescript-eslint/parser > @typescript-eslint/typescript-estree@8.46.0" has incorrect peer dependency "typescript@>=4.8.4 <6.0.0".
warning "eslint-config-next > @typescript-eslint/parser > @typescript-eslint/typescript-estree > @typescript-eslint/project-service@8.46.0" has incorrect peer dependency "typescript@>=4.8.4 <6.0.0".
warning "eslint-config-next > @typescript-eslint/parser > @typescript-eslint/typescript-estree > @typescript-eslint/tsconfig-utils@8.46.0" has incorrect peer dependency "typescript@>=4.8.4 <6.0.0".
[4/4] Rebuilding all packages...
success Saved lockfile.
success Saved 5 new dependencies.
info Direct dependencies
├─ @cosmjs/proto-signing@0.36.1
└─ @cosmjs/stargate@0.36.1
info All dependencies
├─ @cosmjs/proto-signing@0.36.1
├─ @cosmjs/stargate@0.36.1
├─ @noble/ciphers@1.3.0
├─ @noble/curves@1.9.7
└─ hash-wasm@4.12.0
Done in 11.19s.
