fetch("https://rpc.devnet.ixo.earth/", {
  "headers": {
    "content-type": "application/json",
    "sec-ch-ua": "\"Google Chrome\";v=\"141\", \"Not?A_Brand\";v=\"8\", \"Chromium\";v=\"141\"",
    "sec-ch-ua-mobile": "?0",
    "sec-ch-ua-platform": "\"macOS\"",
    "Referer": "http://localhost:3000/"
  },
  "body": "{\"jsonrpc\":\"2.0\",\"id\":693818945867,\"method\":\"status\",\"params\":{}}",
  "method": "POST"
});

Request Payload:
{
    "jsonrpc": "2.0",
    "id": 693818945867,
    "method": "status",
    "params": {}
}

StackTrace: 
http @ webpack-internal:///./node_modules/@cosmjs/tendermint-rpc/build/rpcclients/http.js:47
execute @ webpack-internal:///./node_modules/@cosmjs/tendermint-rpc/build/rpcclients/httpclient.js:24
detectVersion @ webpack-internal:///./node_modules/@cosmjs/tendermint-rpc/build/tendermint34/tendermint34client.js:61
connect @ webpack-internal:///./node_modules/@cosmjs/tendermint-rpc/build/tendermint34/tendermint34client.js:50
createQueryClient @ webpack-internal:///./node_modules/@ixo/impactxclient-sdk/module/queries/index.js:18
_callee$ @ webpack-internal:///./steps/CustomerFormReview.tsx:123
tryCatch @ webpack-internal:///./node_modules/next/dist/compiled/regenerator-runtime/runtime.js:45
invoke @ webpack-internal:///./node_modules/next/dist/compiled/regenerator-runtime/runtime.js:274
prototype.<computed> @ webpack-internal:///./node_modules/next/dist/compiled/regenerator-runtime/runtime.js:97
asyncGeneratorStep @ webpack-internal:///./steps/CustomerFormReview.tsx:28
_next @ webpack-internal:///./steps/CustomerFormReview.tsx:46
eval @ webpack-internal:///./steps/CustomerFormReview.tsx:51
eval @ webpack-internal:///./steps/CustomerFormReview.tsx:43
performSubmission @ webpack-internal:///./steps/CustomerFormReview.tsx:269
_callee$ @ webpack-internal:///./steps/CustomerFormReview.tsx:306
tryCatch @ webpack-internal:///./node_modules/next/dist/compiled/regenerator-runtime/runtime.js:45
invoke @ webpack-internal:///./node_modules/next/dist/compiled/regenerator-runtime/runtime.js:274
prototype.<computed> @ webpack-internal:///./node_modules/next/dist/compiled/regenerator-runtime/runtime.js:97
asyncGeneratorStep @ webpack-internal:///./steps/CustomerFormReview.tsx:28
_next @ webpack-internal:///./steps/CustomerFormReview.tsx:46
eval @ webpack-internal:///./steps/CustomerFormReview.tsx:51
eval @ webpack-internal:///./steps/CustomerFormReview.tsx:43
handleSubmit @ webpack-internal:///./steps/CustomerFormReview.tsx:314
callCallback @ webpack-internal:///./node_modules/react-dom/cjs/react-dom.development.js:4161
invokeGuardedCallbackDev @ webpack-internal:///./node_modules/react-dom/cjs/react-dom.development.js:4210
invokeGuardedCallback @ webpack-internal:///./node_modules/react-dom/cjs/react-dom.development.js:4274
invokeGuardedCallbackAndCatchFirstError @ webpack-internal:///./node_modules/react-dom/cjs/react-dom.development.js:4288
executeDispatch @ webpack-internal:///./node_modules/react-dom/cjs/react-dom.development.js:9038
processDispatchQueueItemsInOrder @ webpack-internal:///./node_modules/react-dom/cjs/react-dom.development.js:9070
processDispatchQueue @ webpack-internal:///./node_modules/react-dom/cjs/react-dom.development.js:9083
dispatchEventsForPlugins @ webpack-internal:///./node_modules/react-dom/cjs/react-dom.development.js:9094
eval @ webpack-internal:///./node_modules/react-dom/cjs/react-dom.development.js:9285
batchedUpdates$1 @ webpack-internal:///./node_modules/react-dom/cjs/react-dom.development.js:26091
batchedUpdates @ webpack-internal:///./node_modules/react-dom/cjs/react-dom.development.js:3988
dispatchEventForPluginEventSystem @ webpack-internal:///./node_modules/react-dom/cjs/react-dom.development.js:9284
dispatchEventWithEnableCapturePhaseSelectiveHydrationWithoutDiscreteEventReplay @ webpack-internal:///./node_modules/react-dom/cjs/react-dom.development.js:6462
dispatchEvent @ webpack-internal:///./node_modules/react-dom/cjs/react-dom.development.js:6454
dispatchDiscreteEvent @ webpack-internal:///./node_modules/react-dom/cjs/react-dom.development.js:6427
